[  884.590123] [   1593]  1000  1593   269179   114102  2191360   152779             0 newmem.bash
[  884.590132] [   1602]  1000  1602   236773   101104  1933312   133342             0 newmem.bash
[  884.590141] [   1605]  1000  1605   252052   112688  2056192   137040             0 newmem.bash
[  884.590150] [   1608]  1000  1608   244792   119015  1990656   123441             0 newmem.bash
[  884.590159] [   1611]  1000  1611   236773    97355  1937408   137091             0 newmem.bash
[  884.590168] [   1617]  1000  1617   188857    65741  1548288   120819             0 newmem.bash
[  884.590176] [   1620]  1000  1620   256276   133941  2084864   120038             0 newmem.bash
[  884.590185] [   1623]  1000  1623   236773   122812  1933312   111634             0 newmem.bash
[  884.590194] [   1626]  1000  1626   245254   132853  2011136   110050             0 newmem.bash
[  884.590204] [   1629]  1000  1629   210604   100389  1724416   107874             0 newmem.bash
[  884.590213] [   1632]  1000  1632   235552   120380  1916928   112851             0 newmem.bash
[  884.590222] [   1635]  1000  1635   194038    83013  1597440   108717             0 newmem.bash
[  884.590231] [   1638]  1000  1638   248950   128760  2027520   117874             0 newmem.bash
[  884.590240] [   1641]  1000  1641   235189   129053  1925120   103793             0 newmem.bash
[  884.590249] [   1644]  1000  1644   270334   157215  2203648   110807             0 newmem.bash
[  884.590258] [   1647]  1000  1647   217237   105149  1769472   109766             0 newmem.bash
[  884.590267] [   1650]  1000  1650   178198    81480  1462272    94401             0 newmem.bash
[  884.590277] [   1653]  1000  1653   217237   112585  1777664   102331             0 newmem.bash
[  884.590286] [   1656]  1000  1656   217237   114801  1777664   100125             0 newmem.bash
[  884.590295] [   1659]  1000  1659   236476   137592  1937408    96567             0 newmem.bash
[  884.590304] [   1662]  1000  1662   256309   161790  2088960    92203             0 newmem.bash
[  884.590313] [   1665]  1000  1665   186910    95839  1531904    88765             0 newmem.bash
[  884.590322] [   1668]  1000  1668   211462   112794  1728512    96352             0 newmem.bash
[  884.590332] [   1671]  1000  1671   253537   154258  2072576    96966             0 newmem.bash
[  884.590341] [   1673]  1000  1673   236773   141985  1929216    92461             0 newmem.bash
[  884.590350] oom-kill:constraint=CONSTRAINT_NONE,nodemask=(null),cpuset=/,mems_allowed=0,global_oom,task_memcg=/user.slice/user-1000.slice/session-4.scope,task=newmem.bash,pid=1644,uid=1000
[  884.590373] Out of memory: Killed process 1644 (newmem.bash) total-vm:1081336kB, anon-rss:628860kB, file-rss:0kB, shmem-rss:0kB, UID:1000 pgtables:2152kB oom_score_adj:0
[  884.628773] oom_reaper: reaped process 1644 (newmem.bash), now anon-rss:0kB, file-rss:0kB, shmem-rss:0kB
[  961.498273] [   1593]  1000  1593   271159   112478  2203648   156353             0 newmem.bash
[  961.498277] [   1602]  1000  1602   236971    97691  1933312   136982             0 newmem.bash
[  961.498280] [   1605]  1000  1605   268486   123227  2191360   142932             0 newmem.bash
[  961.498282] [   1608]  1000  1608   254164   125742  2068480   126095             0 newmem.bash
[  961.498285] [   1611]  1000  1611   237367    88387  1941504   146674             0 newmem.bash
[  961.498288] [   1617]  1000  1617   189220    62896  1552384   123997             0 newmem.bash
[  961.498291] [   1620]  1000  1620   347983   222283  2818048   123389             0 newmem.bash
[  961.498294] [   1623]  1000  1623   237367   117694  1937408   117366             0 newmem.bash
[  961.498297] [   1626]  1000  1626   245485   130274  2011136   112895             0 newmem.bash
[  961.498300] [   1629]  1000  1629   210868    97683  1728512   110857             0 newmem.bash
[  961.498304] [   1632]  1000  1632   237070   119462  1929216   115281             0 newmem.bash
[  961.498307] [   1635]  1000  1635   194764    74497  1605632   117967             0 newmem.bash
[  961.498310] [   1638]  1000  1638   261292   137407  2125824   121557             0 newmem.bash
[  961.498314] [   1641]  1000  1641   246970   139059  2019328   105612             0 newmem.bash
[  961.498319] [   1647]  1000  1647   227368   113396  1851392   111644             0 newmem.bash
[  961.498322] [   1650]  1000  1650   178561    79466  1466368    96768             0 newmem.bash
[  961.498326] [   1653]  1000  1653   217501   108670  1781760   106531             0 newmem.bash
[  961.498329] [   1656]  1000  1656   226840   120866  1855488   103646             0 newmem.bash
[  961.498332] [   1659]  1000  1659   239380   134922  1961984   102144             0 newmem.bash
[  961.498336] [   1662]  1000  1662   312409   211537  2539520    98545             0 newmem.bash
[  961.498339] [   1665]  1000  1665   187174    84234  1536000   100620             0 newmem.bash
[  961.498342] [   1668]  1000  1668   211759   110609  1732608    98852             0 newmem.bash
[  961.498346] [   1671]  1000  1671   253867   146492  2072576   105047             0 newmem.bash
[  961.498349] [   1673]  1000  1673   237004   137315  1933312    97390             0 newmem.bash
[  961.498353] oom-kill:constraint=CONSTRAINT_NONE,nodemask=(null),cpuset=/,mems_allowed=0,global_oom,task_memcg=/user.slice/user-1000.slice/session-4.scope,task=newmem.bash,pid=1620,uid=1000
[  961.498362] Out of memory: Killed process 1620 (newmem.bash) total-vm:1391932kB, anon-rss:889132kB, file-rss:0kB, shmem-rss:0kB, UID:1000 pgtables:2752kB oom_score_adj:0
[  961.542993] oom_reaper: reaped process 1620 (newmem.bash), now anon-rss:0kB, file-rss:0kB, shmem-rss:0kB
[ 1032.736478] [   1593]  1000  1593   278188   117141  2260992   158691             0 newmem.bash
[ 1032.736482] [   1602]  1000  1602   272644   126377  2220032   143954             0 newmem.bash
[ 1032.736485] [   1605]  1000  1605   295348   148139  2408448   144903             0 newmem.bash
[ 1032.736489] [   1608]  1000  1608   280366   149149  2277376   128890             0 newmem.bash
[ 1032.736492] [   1611]  1000  1611   238192    81050  1949696   154829             0 newmem.bash
[ 1032.736495] [   1617]  1000  1617   192454    64473  1576960   125679             0 newmem.bash
[ 1032.736500] [   1623]  1000  1623   247036   125138  2015232   119594             0 newmem.bash
[ 1032.736503] [   1626]  1000  1626   247201   128282  2027520   116597             0 newmem.bash
[ 1032.736507] [   1629]  1000  1629   235255   120114  1921024   112831             0 newmem.bash
[ 1032.736510] [   1632]  1000  1632   293830   175560  2383872   115950             0 newmem.bash
[ 1032.736513] [   1635]  1000  1635   217237    93049  1785856   121866             0 newmem.bash
[ 1032.736517] [   1638]  1000  1638   270631   127915  2203648   140387             0 newmem.bash
[ 1032.736520] [   1641]  1000  1641   277726   161433  2265088   113972             0 newmem.bash
[ 1032.736524] [   1647]  1000  1647   228259    97570  1859584   128392             0 newmem.bash
[ 1032.736527] [   1650]  1000  1650   179914    78910  1474560    98703             0 newmem.bash
[ 1032.736530] [   1653]  1000  1653   220900   110059  1810432   108539             0 newmem.bash
[ 1032.736534] [   1656]  1000  1656   227533   116720  1859584   108484             0 newmem.bash
[ 1032.736537] [   1659]  1000  1659   240205   133695  1970176   104210             0 newmem.bash
[ 1032.736540] [   1662]  1000  1662   339106   234147  2752512   102649             0 newmem.bash
[ 1032.736543] [   1665]  1000  1665   220339   113369  1802240   104655             0 newmem.bash
[ 1032.736547] [   1668]  1000  1668   235123   133500  1916928    99262             0 newmem.bash
[ 1032.736550] [   1671]  1000  1671   254692   133322  2080768   119061             0 newmem.bash
[ 1032.736553] [   1673]  1000  1673   241063   131418  1961984   107316             0 newmem.bash
[ 1032.736559] oom-kill:constraint=CONSTRAINT_NONE,nodemask=(null),cpuset=/,mems_allowed=0,global_oom,task_memcg=/user.slice/user-1000.slice/session-4.scope,task=newmem.bash,pid=1662,uid=1000
[ 1032.736568] Out of memory: Killed process 1662 (newmem.bash) total-vm:1356424kB, anon-rss:936588kB, file-rss:0kB, shmem-rss:0kB, UID:1000 pgtables:2688kB oom_score_adj:0
[ 1032.791921] oom_reaper: reaped process 1662 (newmem.bash), now anon-rss:0kB, file-rss:0kB, shmem-rss:0kB
[ 1102.936973] newmem.bash invoked oom-killer: gfp_mask=0x100cca(GFP_HIGHUSER_MOVABLE), order=0, oom_score_adj=0
[ 1102.936976] CPU: 1 PID: 1617 Comm: newmem.bash Not tainted 5.4.0-54-generic #60-Ubuntu
[ 1102.937253] [   1593]  1000  1593   280696   116193  2281472   162175             0 newmem.bash
[ 1102.937256] [   1602]  1000  1602   274822   123586  2236416   148908             0 newmem.bash
[ 1102.937259] [   1605]  1000  1605   331186   179539  2695168   149341             0 newmem.bash
[ 1102.937263] [   1608]  1000  1608   282577   146732  2293760   133529             0 newmem.bash
[ 1102.937266] [   1611]  1000  1611   290365   128757  2367488   159297             0 newmem.bash
[ 1102.937269] [   1617]  1000  1617   194665    62236  1593344   130102             0 newmem.bash
[ 1102.937272] [   1623]  1000  1623   249181   122084  2031616   124788             0 newmem.bash
[ 1102.937275] [   1626]  1000  1626   249346   125961  2043904   121071             0 newmem.bash
[ 1102.937278] [   1629]  1000  1629   271291   152616  2211840   116361             0 newmem.bash
[ 1102.937281] [   1632]  1000  1632   321649   199386  2605056   119950             0 newmem.bash
[ 1102.937284] [   1635]  1000  1635   256276   128544  2097152   125434             0 newmem.bash
[ 1102.937287] [   1638]  1000  1638   295183   148649  2404352   144206             0 newmem.bash
[ 1102.937289] [   1641]  1000  1641   279772   160990  2281472   116481             0 newmem.bash
[ 1102.937293] [   1647]  1000  1647   272611   138527  2220032   131784             0 newmem.bash
[ 1102.937296] [   1650]  1000  1650   212617   107601  1736704   102717             0 newmem.bash
[ 1102.937300] [   1653]  1000  1653   229645   101229  1880064   126118             0 newmem.bash
[ 1102.937302] [   1656]  1000  1656   229777   115756  1875968   111714             0 newmem.bash
[ 1102.937305] [   1659]  1000  1659   273271   162742  2232320   108202             0 newmem.bash
[ 1102.937308] [   1665]  1000  1665   222880   112276  1822720   108276             0 newmem.bash
[ 1102.937311] [   1668]  1000  1668   245584   140180  2002944   103077             0 newmem.bash
[ 1102.937314] [   1671]  1000  1671   256276   130476  2093056   123502             0 newmem.bash
[ 1102.937316] [   1673]  1000  1673   243274   128998  1982464   111952             0 newmem.bash
[ 1102.937321] oom-kill:constraint=CONSTRAINT_NONE,nodemask=(null),cpuset=/,mems_allowed=0,global_oom,task_memcg=/user.slice/user-1000.slice/session-4.scope,task=newmem.bash,pid=1605,uid=1000
[ 1102.937334] Out of memory: Killed process 1605 (newmem.bash) total-vm:1324744kB, anon-rss:718156kB, file-rss:0kB, shmem-rss:0kB, UID:1000 pgtables:2632kB oom_score_adj:0
[ 1102.961533] oom_reaper: reaped process 1605 (newmem.bash), now anon-rss:0kB, file-rss:0kB, shmem-rss:0kB
[ 1188.140065] [   1593]  1000  1593   298780   123330  2424832   173122             0 newmem.bash
[ 1188.140068] [   1602]  1000  1602   288484   133723  2347008   152434             0 newmem.bash
[ 1188.140072] [   1608]  1000  1608   295579   156025  2400256   137227             0 newmem.bash
[ 1188.140075] [   1611]  1000  1611   302674   138003  2465792   162326             0 newmem.bash
[ 1188.140079] [   1617]  1000  1617   206149    64358  1687552   139465             0 newmem.bash
[ 1188.140082] [   1623]  1000  1623   266308   132629  2166784   131346             0 newmem.bash
[ 1188.140085] [   1626]  1000  1626   252250   104689  2064384   145254             0 newmem.bash
[ 1188.140088] [   1629]  1000  1629   289606   167624  2355200   119654             0 newmem.bash
[ 1188.140092] [   1632]  1000  1632   338644   211798  2744320   124546             0 newmem.bash
[ 1188.140095] [   1635]  1000  1635   264922   131837  2166784   130757             0 newmem.bash
[ 1188.140098] [   1638]  1000  1638   307393   146039  2502656   159049             0 newmem.bash
[ 1188.140102] [   1641]  1000  1641   301519   176573  2457600   122631             0 newmem.bash
[ 1188.140105] [   1647]  1000  1647   272908   126642  2220032   143950             0 newmem.bash
[ 1188.140108] [   1650]  1000  1650   223672   109982  1826816   111394             0 newmem.bash
[ 1188.140112] [   1653]  1000  1653   236938   101925  1937408   132686             0 newmem.bash
[ 1188.140115] [   1656]  1000  1656   246277   123393  2011136   120557             0 newmem.bash
[ 1188.140118] [   1659]  1000  1659   291751   177323  2379776   112114             0 newmem.bash
[ 1188.140122] [   1665]  1000  1665   241261   125918  1970176   113024             0 newmem.bash
[ 1188.140125] [   1668]  1000  1668   260104   150663  2117632   107130             0 newmem.bash
[ 1188.140129] [   1671]  1000  1671   263536   134416  2150400   126816             0 newmem.bash
[ 1188.140132] [   1673]  1000  1673   256903   140195  2088960   114402             0 newmem.bash
[ 1188.140141] oom-kill:constraint=CONSTRAINT_NONE,nodemask=(null),cpuset=/,mems_allowed=0,global_oom,task_memcg=/user.slice/user-1000.slice/session-4.scope,task=newmem.bash,pid=1632,uid=1000
[ 1188.140149] Out of memory: Killed process 1632 (newmem.bash) total-vm:1354576kB, anon-rss:847192kB, file-rss:0kB, shmem-rss:0kB, UID:1000 pgtables:2680kB oom_score_adj:0
[ 1188.174406] oom_reaper: reaped process 1632 (newmem.bash), now anon-rss:0kB, file-rss:0kB, shmem-rss:0kB
[ 1258.990668] newmem.bash invoked oom-killer: gfp_mask=0x100cca(GFP_HIGHUSER_MOVABLE), order=0, oom_score_adj=0
[ 1258.990671] CPU: 3 PID: 1617 Comm: newmem.bash Not tainted 5.4.0-54-generic #60-Ubuntu
[ 1258.990947] [   1593]  1000  1593   314752   136062  2555904   176383             0 newmem.bash
[ 1258.990950] [   1602]  1000  1602   323068   165895  2621440   154857             0 newmem.bash
[ 1258.990954] [   1608]  1000  1608   337159   183013  2732032   151826             0 newmem.bash
[ 1258.990957] [   1611]  1000  1611   323134   149432  2629632   171375             0 newmem.bash
[ 1258.990960] [   1617]  1000  1617   207337    60021  1695744   144969             0 newmem.bash
[ 1258.990964] [   1623]  1000  1623   267529   121768  2179072   143440             0 newmem.bash
[ 1258.990967] [   1626]  1000  1626   292873   140803  2392064   149739             0 newmem.bash
[ 1258.990971] [   1629]  1000  1629   290992   160172  2367488   128513             0 newmem.bash
[ 1258.990974] [   1635]  1000  1635   308713   173251  2514944   133132             0 newmem.bash
[ 1258.990977] [   1638]  1000  1638   343726   177304  2793472   164088             0 newmem.bash
[ 1258.990981] [   1641]  1000  1641   336763   209308  2736128   125141             0 newmem.bash
[ 1258.990984] [   1647]  1000  1647   274195   124181  2232320   147691             0 newmem.bash
[ 1258.990988] [   1650]  1000  1650   225322   106501  1839104   116484             0 newmem.bash
[ 1258.990991] [   1653]  1000  1653   242482   101493  1982464   138676             0 newmem.bash
[ 1258.990994] [   1656]  1000  1656   259081   128088  2113536   128670             0 newmem.bash
[ 1258.990998] [   1659]  1000  1659   301684   176108  2461696   123240             0 newmem.bash
[ 1258.991001] [   1665]  1000  1665   289672   170169  2355200   117193             0 newmem.bash
[ 1258.991005] [   1668]  1000  1668   268717   156308  2187264   110082             0 newmem.bash
[ 1258.991008] [   1671]  1000  1671   264724   125542  2162688   136811             0 newmem.bash
[ 1258.991011] [   1673]  1000  1673   263800   144054  2146304   117450             0 newmem.bash
[ 1258.991020] oom-kill:constraint=CONSTRAINT_NONE,nodemask=(null),cpuset=/,mems_allowed=0,global_oom,task_memcg=/user.slice/user-1000.slice/session-4.scope,task=newmem.bash,pid=1638,uid=1000
[ 1258.991029] Out of memory: Killed process 1638 (newmem.bash) total-vm:1374904kB, anon-rss:709216kB, file-rss:0kB, shmem-rss:0kB, UID:1000 pgtables:2728kB oom_score_adj:0
[ 1259.025636] oom_reaper: reaped process 1638 (newmem.bash), now anon-rss:0kB, file-rss:0kB, shmem-rss:0kB
[ 1354.290530] [   1593]  1000  1593   333595   148825  2703360   182454             0 newmem.bash
[ 1354.290536] [   1602]  1000  1602   346366   181447  2809856   162600             0 newmem.bash
[ 1354.290542] [   1608]  1000  1608   360193   198333  2916352   159535             0 newmem.bash
[ 1354.290548] [   1611]  1000  1611   358477   175497  2912256   180681             0 newmem.bash
[ 1354.290554] [   1617]  1000  1617   222649    71991  1818624   148331             0 newmem.bash
[ 1354.290560] [   1623]  1000  1623   268651   119465  2187264   146884             0 newmem.bash
[ 1354.290566] [   1626]  1000  1626   304720   145791  2486272   156621             0 newmem.bash
[ 1354.290572] [   1629]  1000  1629   306271   166096  2490368   137856             0 newmem.bash
[ 1354.290578] [   1635]  1000  1635   329800   183445  2686976   144050             0 newmem.bash
[ 1354.290584] [   1641]  1000  1641   362800   226702  2949120   133780             0 newmem.bash
[ 1354.290590] [   1647]  1000  1647   285448   118943  2322432   164204             0 newmem.bash
[ 1354.290596] [   1650]  1000  1650   245980   119857  2007040   123821             0 newmem.bash
[ 1354.290602] [   1653]  1000  1653   243703    92560  1990656   148839             0 newmem.bash
[ 1354.290609] [   1656]  1000  1656   277990   137801  2260992   137861             0 newmem.bash
[ 1354.290615] [   1659]  1000  1659   323563   196656  2637824   124607             0 newmem.bash
[ 1354.290621] [   1665]  1000  1665   307657   177565  2498560   127776             0 newmem.bash
[ 1354.290627] [   1668]  1000  1668   281257   154349  2285568   124602             0 newmem.bash
[ 1354.290633] [   1671]  1000  1671   287428   138118  2342912   146995             0 newmem.bash
[ 1354.290639] [   1673]  1000  1673   265054   134315  2154496   128436             0 newmem.bash
[ 1354.290685] oom-kill:constraint=CONSTRAINT_NONE,nodemask=(null),cpuset=/,mems_allowed=0,global_oom,task_memcg=/user.slice/user-1000.slice/session-4.scope,task=newmem.bash,pid=1641,uid=1000
[ 1354.290703] Out of memory: Killed process 1641 (newmem.bash) total-vm:1451200kB, anon-rss:906808kB, file-rss:0kB, shmem-rss:0kB, UID:1000 pgtables:2880kB oom_score_adj:0
[ 1354.342456] oom_reaper: reaped process 1641 (newmem.bash), now anon-rss:0kB, file-rss:0kB, shmem-rss:0kB
[ 1469.223284] [   1593]  1000  1593   346036   154258  2805760   189450             0 newmem.bash
[ 1469.223287] [   1602]  1000  1602   369631   193296  2994176   174021             0 newmem.bash
[ 1469.223291] [   1608]  1000  1608   378244   209424  3059712   166481             0 newmem.bash
[ 1469.223294] [   1611]  1000  1611   377848   188056  3067904   187472             0 newmem.bash
[ 1469.223297] [   1617]  1000  1617   247069    88510  2015232   156255             0 newmem.bash
[ 1469.223301] [   1623]  1000  1623   285514   129834  2322432   153345             0 newmem.bash
[ 1469.223304] [   1626]  1000  1626   332275   166063  2707456   163898             0 newmem.bash
[ 1469.223307] [   1629]  1000  1629   328447   182092  2670592   144017             0 newmem.bash
[ 1469.223310] [   1635]  1000  1635   354715   203005  2883584   149394             0 newmem.bash
[ 1469.223313] [   1647]  1000  1647   302476   126152  2457600   174011             0 newmem.bash
[ 1469.223316] [   1650]  1000  1650   271291   139708  2207744   129282             0 newmem.bash
[ 1469.223320] [   1653]  1000  1653   258520    96522  2109440   159691             0 newmem.bash
[ 1469.223323] [   1656]  1000  1656   297361   150906  2416640   144127             0 newmem.bash
[ 1469.223326] [   1659]  1000  1659   342076   207719  2785280   132039             0 newmem.bash
[ 1469.223329] [   1665]  1000  1665   322144   184560  2621440   135258             0 newmem.bash
[ 1469.223333] [   1668]  1000  1668   298747   163431  2424832   132991             0 newmem.bash
[ 1469.223336] [   1671]  1000  1671   306139   149449  2490368   154393             0 newmem.bash
[ 1469.223339] [   1673]  1000  1673   285448   145707  2318336   137435             0 newmem.bash
[ 1469.223348] oom-kill:constraint=CONSTRAINT_NONE,nodemask=(null),cpuset=/,mems_allowed=0,global_oom,task_memcg=/user.slice/user-1000.slice/session-4.scope,task=newmem.bash,pid=1608,uid=1000
[ 1469.223357] Out of memory: Killed process 1608 (newmem.bash) total-vm:1512976kB, anon-rss:837696kB, file-rss:0kB, shmem-rss:0kB, UID:1000 pgtables:2988kB oom_score_adj:0
[ 1469.267145] oom_reaper: reaped process 1608 (newmem.bash), now anon-rss:0kB, file-rss:0kB, shmem-rss:0kB
[ 1578.354200] [   1593]  1000  1593   349237   149553  2830336   197387             0 newmem.bash
[ 1578.354204] [   1602]  1000  1602   442000   252007  3575808   187676             0 newmem.bash
[ 1578.354208] [   1611]  1000  1611   409858   205342  3321856   202190             0 newmem.bash
[ 1578.354211] [   1617]  1000  1617   249940    87393  2035712   160250             0 newmem.bash
[ 1578.354215] [   1623]  1000  1623   288055   115119  2342912   170621             0 newmem.bash
[ 1578.354218] [   1626]  1000  1626   343891   167412  2797568   174173             0 newmem.bash
[ 1578.354221] [   1629]  1000  1629   390388   233589  3166208   154475             0 newmem.bash
[ 1578.354225] [   1635]  1000  1635   357520   194881  2908160   160328             0 newmem.bash
[ 1578.354228] [   1647]  1000  1647   364120   185149  2949120   176663             0 newmem.bash
[ 1578.354231] [   1650]  1000  1650   336334   197885  2727936   136123             0 newmem.bash
[ 1578.354235] [   1653]  1000  1653   267859    89915  2183168   175618             0 newmem.bash
[ 1578.354238] [   1656]  1000  1656   321715   172001  2617344   147387             0 newmem.bash
[ 1578.354241] [   1659]  1000  1659   345343   191562  2809856   151460             0 newmem.bash
[ 1578.354244] [   1665]  1000  1665   340063   198778  2764800   138982             0 newmem.bash
[ 1578.354247] [   1668]  1000  1668   301849   163470  2453504   136080             0 newmem.bash
[ 1578.354251] [   1671]  1000  1671   333067   164928  2711552   165828             0 newmem.bash
[ 1578.354254] [   1673]  1000  1673   288121   139654  2338816   146164             0 newmem.bash
[ 1578.354262] oom-kill:constraint=CONSTRAINT_NONE,nodemask=(null),cpuset=/,mems_allowed=0,global_oom,task_memcg=/user.slice/user-1000.slice/session-4.scope,task=newmem.bash,pid=1602,uid=1000
[ 1578.354270] Out of memory: Killed process 1602 (newmem.bash) total-vm:1768000kB, anon-rss:1008028kB, file-rss:0kB, shmem-rss:0kB, UID:1000 pgtables:3492kB oom_score_adj:0
[ 1578.392010] oom_reaper: reaped process 1602 (newmem.bash), now anon-rss:0kB, file-rss:0kB, shmem-rss:0kB
[ 1712.842622] [   1593]  1000  1593   370720   156235  3002368   212189             0 newmem.bash
[ 1712.842625] [   1611]  1000  1611   423982   211545  3436544   210136             0 newmem.bash
[ 1712.842628] [   1617]  1000  1617   280861   110327  2289664   168222             0 newmem.bash
[ 1712.842631] [   1623]  1000  1623   319669   139611  2592768   177747             0 newmem.bash
[ 1712.842634] [   1626]  1000  1626   372304   181498  3031040   188480             0 newmem.bash
[ 1712.842637] [   1629]  1000  1629   406129   232413  3293184   171402             0 newmem.bash
[ 1712.842641] [   1635]  1000  1635   395635   224113  3211264   169219             0 newmem.bash
[ 1712.842644] [   1647]  1000  1647   393325   196580  3182592   194428             0 newmem.bash
[ 1712.842647] [   1650]  1000  1650   371413   221217  3010560   147883             0 newmem.bash
[ 1712.842651] [   1653]  1000  1653   292081   114106  2379776   175675             0 newmem.bash
[ 1712.842654] [   1656]  1000  1656   346465   178543  2813952   165604             0 newmem.bash
[ 1712.842657] [   1659]  1000  1659   363790   194783  2961408   166689             0 newmem.bash
[ 1712.842661] [   1665]  1000  1665   361975   206595  2936832   153052             0 newmem.bash
[ 1712.842664] [   1668]  1000  1668   325180   173312  2637824   149542             0 newmem.bash
[ 1712.842667] [   1671]  1000  1671   345145   161964  2809856   180878             0 newmem.bash
[ 1712.842670] [   1673]  1000  1673   303730   146727  2465792   154692             0 newmem.bash
[ 1712.842705] oom-kill:constraint=CONSTRAINT_NONE,nodemask=(null),cpuset=/,mems_allowed=0,global_oom,task_memcg=/user.slice/user-1000.slice/session-4.scope,task=newmem.bash,pid=1611,uid=1000
[ 1712.842719] Out of memory: Killed process 1611 (newmem.bash) total-vm:1695928kB, anon-rss:846180kB, file-rss:0kB, shmem-rss:0kB, UID:1000 pgtables:3356kB oom_score_adj:0
[ 1712.899482] oom_reaper: reaped process 1611 (newmem.bash), now anon-rss:0kB, file-rss:0kB, shmem-rss:0kB
[ 1860.456296] newmem.bash invoked oom-killer: gfp_mask=0x100cca(GFP_HIGHUSER_MOVABLE), order=0, oom_score_adj=0
[ 1860.456299] CPU: 0 PID: 1635 Comm: newmem.bash Not tainted 5.4.0-54-generic #60-Ubuntu
[ 1860.456554] [   1593]  1000  1593   394513   167789  3190784   224395             0 newmem.bash
[ 1860.456558] [   1617]  1000  1617   312805   139437  2543616   171028             0 newmem.bash
[ 1860.456561] [   1623]  1000  1623   349138   149549  2830336   197257             0 newmem.bash
[ 1860.456565] [   1626]  1000  1626   392599   193276  3194880   197018             0 newmem.bash
[ 1860.456568] [   1629]  1000  1629   426391   224308  3457024   199763             0 newmem.bash
[ 1860.456571] [   1635]  1000  1635   432199   236680  3510272   193174             0 newmem.bash
[ 1860.456574] [   1647]  1000  1647   439063   241952  3551232   194779             0 newmem.bash
[ 1860.456578] [   1650]  1000  1650   398110   244293  3227648   151460             0 newmem.bash
[ 1860.456581] [   1653]  1000  1653   307888   124610  2502656   180931             0 newmem.bash
[ 1860.456584] [   1656]  1000  1656   376594   204787  3055616   169469             0 newmem.bash
[ 1860.456587] [   1659]  1000  1659   386824   210245  3145728   174232             0 newmem.bash
[ 1860.456590] [   1665]  1000  1665   388573   198797  3149824   187472             0 newmem.bash
[ 1860.456594] [   1668]  1000  1668   348115   166615  2822144   179188             0 newmem.bash
[ 1860.456597] [   1671]  1000  1671   382468   189958  3108864   190259             0 newmem.bash
[ 1860.456600] [   1673]  1000  1673   332143   155246  2691072   174546             0 newmem.bash
[ 1860.456637] oom-kill:constraint=CONSTRAINT_NONE,nodemask=(null),cpuset=/,mems_allowed=0,global_oom,task_memcg=/user.slice/user-1000.slice/session-4.scope,task=newmem.bash,pid=1647,uid=1000
[ 1860.456645] Out of memory: Killed process 1647 (newmem.bash) total-vm:1756252kB, anon-rss:967792kB, file-rss:16kB, shmem-rss:0kB, UID:1000 pgtables:3468kB oom_score_adj:0
[ 1860.529352] oom_reaper: reaped process 1647 (newmem.bash), now anon-rss:0kB, file-rss:0kB, shmem-rss:0kB
[ 1959.176176] newmem.bash invoked oom-killer: gfp_mask=0x100dca(GFP_HIGHUSER_MOVABLE|__GFP_ZERO), order=0, oom_score_adj=0
[ 1959.176180] CPU: 1 PID: 1668 Comm: newmem.bash Not tainted 5.4.0-54-generic #60-Ubuntu
[ 1959.176430] [   1593]  1000  1593   395701   165605  3203072   227856             0 newmem.bash
[ 1959.176434] [   1617]  1000  1617   353956   178311  2871296   173412             0 newmem.bash
[ 1959.176437] [   1623]  1000  1623   350293   146683  2838528   201401             0 newmem.bash
[ 1959.176441] [   1626]  1000  1626   442033   239558  3588096   200248             0 newmem.bash
[ 1959.176444] [   1629]  1000  1629   481039   242370  3891200   236424             0 newmem.bash
[ 1959.176447] [   1635]  1000  1635   494866   259176  4009984   233440             0 newmem.bash
[ 1959.176452] [   1650]  1000  1650   419428   232811  3395584   184408             0 newmem.bash
[ 1959.176455] [   1653]  1000  1653   353329   160591  2867200   190484             0 newmem.bash
[ 1959.176458] [   1656]  1000  1656   437182   260691  3538944   174231             0 newmem.bash
[ 1959.176462] [   1659]  1000  1659   386824   177295  3145728   207179             0 newmem.bash
[ 1959.176465] [   1665]  1000  1665   428569   236085  3469312   190262             0 newmem.bash
[ 1959.176468] [   1668]  1000  1668   362866   170479  2940928   190185             0 newmem.bash
[ 1959.176472] [   1671]  1000  1671   440416   240900  3571712   197275             0 newmem.bash
[ 1959.176475] [   1673]  1000  1673   341284   161792  2764800   177258             0 newmem.bash
[ 1959.176514] oom-kill:constraint=CONSTRAINT_NONE,nodemask=(null),cpuset=/,mems_allowed=0,global_oom,task_memcg=/user.slice/user-1000.slice/session-4.scope,task=newmem.bash,pid=1635,uid=1000
[ 1959.176524] Out of memory: Killed process 1635 (newmem.bash) total-vm:1979464kB, anon-rss:1036256kB, file-rss:448kB, shmem-rss:0kB, UID:1000 pgtables:3916kB oom_score_adj:0
[ 1959.255186] oom_reaper: reaped process 1635 (newmem.bash), now anon-rss:0kB, file-rss:0kB, shmem-rss:0kB
[ 2110.209508] [   1593]  1000  1593   415501   166580  3358720   246593             0 newmem.bash
[ 2110.209511] [   1617]  1000  1617   407680   213559  3301376   191801             0 newmem.bash
[ 2110.209514] [   1623]  1000  1623   385075   158465  3117056   224289             0 newmem.bash
[ 2110.209517] [   1626]  1000  1626   499717   290454  4050944   206935             0 newmem.bash
[ 2110.209520] [   1629]  1000  1629   482359   219514  3903488   260519             0 newmem.bash
[ 2110.209523] [   1650]  1000  1650   446554   241169  3612672   203087             0 newmem.bash
[ 2110.209526] [   1653]  1000  1653   400453   192324  3244032   205809             0 newmem.bash
[ 2110.209529] [   1656]  1000  1656   508033   315444  4108288   190269             0 newmem.bash
[ 2110.209532] [   1659]  1000  1659   457543   224990  3710976   230257             0 newmem.bash
[ 2110.209535] [   1665]  1000  1665   446158   231635  3612672   212231             0 newmem.bash
[ 2110.209539] [   1668]  1000  1668   389563   175720  3158016   211524             0 newmem.bash
[ 2110.209542] [   1671]  1000  1671   441769   230004  3579904   209463             0 newmem.bash
[ 2110.209544] [   1673]  1000  1673   394876   197030  3194880   195518             0 newmem.bash
[ 2110.209590] oom-kill:constraint=CONSTRAINT_NONE,nodemask=(null),cpuset=/,mems_allowed=0,global_oom,task_memcg=/user.slice/user-1000.slice/session-4.scope,task=newmem.bash,pid=1656,uid=1000
[ 2110.209599] Out of memory: Killed process 1656 (newmem.bash) total-vm:2032132kB, anon-rss:1261776kB, file-rss:0kB, shmem-rss:0kB, UID:1000 pgtables:4012kB oom_score_adj:0
[ 2110.275242] oom_reaper: reaped process 1656 (newmem.bash), now anon-rss:0kB, file-rss:0kB, shmem-rss:0kB
[ 2244.900205] [   1593]  1000  1593   469654   202089  3792896   265240             0 newmem.bash
[ 2244.900207] [   1617]  1000  1617   408406   209837  3309568   196264             0 newmem.bash
[ 2244.900209] [   1623]  1000  1623   430978   200647  3485696   228018             0 newmem.bash
[ 2244.900211] [   1626]  1000  1626   552880   299940  4476928   250628             0 newmem.bash
[ 2244.900213] [   1629]  1000  1629   529351   263187  4280320   263860             0 newmem.bash
[ 2244.900215] [   1650]  1000  1650   490510   282471  3964928   205725             0 newmem.bash
[ 2244.900218] [   1653]  1000  1653   456322   241499  3694592   212467             0 newmem.bash
[ 2244.900220] [   1659]  1000  1659   511069   267828  4141056   240914             0 newmem.bash
[ 2244.900222] [   1665]  1000  1665   492622   222897  3985408   267406             0 newmem.bash
[ 2244.900224] [   1668]  1000  1668   430351   207693  3485696   220360             0 newmem.bash
[ 2244.900226] [   1671]  1000  1671   442495   215827  3588096   224371             0 newmem.bash
[ 2244.900229] [   1673]  1000  1673   450877   241136  3641344   207416             0 newmem.bash
[ 2244.900259] oom-kill:constraint=CONSTRAINT_NONE,nodemask=(null),cpuset=/,mems_allowed=0,global_oom,task_memcg=/user.slice/user-1000.slice/session-4.scope,task=newmem.bash,pid=1626,uid=1000
[ 2244.900268] Out of memory: Killed process 1626 (newmem.bash) total-vm:2211520kB, anon-rss:1199760kB, file-rss:0kB, shmem-rss:0kB, UID:1000 pgtables:4372kB oom_score_adj:0
[ 2244.953082] oom_reaper: reaped process 1626 (newmem.bash), now anon-rss:0kB, file-rss:0kB, shmem-rss:0kB
