	---Warning--- warning, (EE) error, (NI) not implemented, (??) unknown.
[    24.570] ---Warning--- The directory "/usr/share/fonts/X11/cyrillic" does not exist.
[    24.570] ---Warning--- The directory "/usr/share/fonts/X11/100dpi/" does not exist.
[    24.571] ---Warning--- The directory "/usr/share/fonts/X11/75dpi/" does not exist.
[    24.571] ---Warning--- The directory "/usr/share/fonts/X11/100dpi" does not exist.
[    24.571] ---Warning--- The directory "/usr/share/fonts/X11/75dpi" does not exist.
[    24.763] ---Warning--- Falling back to old probe method for fbdev
	(++) from command line, (!!) notice, ---Information--- informational,
[    24.571] ---Information--- The server relies on udev to provide the list of input devices.
[    24.571] ---Information--- Loader magic: 0x563acf3ab020
[    24.571] ---Information--- Module ABI versions:
[    24.572] ---Information--- systemd-logind: logind integration requires -keeptty and -keeptty was not provided, disabling logind integration
[    24.573] ---Information--- xfree86: Adding drm device (/dev/dri/card0)
[    24.584] ---Information--- LoadModule: "glx"
[    24.609] ---Information--- Loading /usr/lib/xorg/modules/extensions/libglx.so
[    24.708] ---Information--- Module glx: vendor="X.Org Foundation"
[    24.708] ---Information--- LoadModule: "modesetting"
[    24.708] ---Information--- Loading /usr/lib/xorg/modules/drivers/modesetting_drv.so
[    24.717] ---Information--- Module modesetting: vendor="X.Org Foundation"
[    24.717] ---Information--- LoadModule: "fbdev"
[    24.717] ---Information--- Loading /usr/lib/xorg/modules/drivers/fbdev_drv.so
[    24.738] ---Information--- Module fbdev: vendor="X.Org Foundation"
[    24.738] ---Information--- LoadModule: "vesa"
[    24.738] ---Information--- Loading /usr/lib/xorg/modules/drivers/vesa_drv.so
[    24.756] ---Information--- Module vesa: vendor="X.Org Foundation"
[    24.756] ---Information--- modesetting: Driver for Modesetting Kernel Drivers: kms
[    24.756] ---Information--- FBDEV: driver for framebuffer: fbdev
[    24.756] ---Information--- VESA: driver for VESA chipsets: vesa
[    24.763] ---Information--- modeset(0): using drv /dev/dri/card0
[    24.763] ---Information--- Loading sub module "fbdevhw"
[    24.763] ---Information--- LoadModule: "fbdevhw"
[    24.763] ---Information--- Loading /usr/lib/xorg/modules/libfbdevhw.so
[    24.764] ---Information--- Module fbdevhw: vendor="X.Org Foundation"
[    24.764] ---Information--- modeset(0): Creating default Display subsection in Screen section
[    24.765] ---Information--- Loading sub module "glamoregl"
[    24.765] ---Information--- LoadModule: "glamoregl"
[    24.765] ---Information--- Loading /usr/lib/xorg/modules/libglamoregl.so
[    24.837] ---Information--- Module glamoregl: vendor="X.Org Foundation"
[    26.018] ---Information--- modeset(0): glamor X acceleration enabled on Mesa Intel(R) HD Graphics 620 (KBL GT2)
[    26.018] ---Information--- modeset(0): glamor initialized
[    26.019] ---Information--- modeset(0): Output eDP-1 has no monitor section
[    26.023] ---Information--- modeset(0): Output HDMI-1 has no monitor section
[    26.023] ---Information--- modeset(0): Output DP-1 has no monitor section
[    26.027] ---Information--- modeset(0): Output HDMI-2 has no monitor section
[    26.028] ---Information--- modeset(0): EDID for output eDP-1
[    26.028] ---Information--- modeset(0): Manufacturer: BOE  Model: 697  Serial#: 0
[    26.028] ---Information--- modeset(0): Year: 2015  Week: 1
[    26.028] ---Information--- modeset(0): EDID Version: 1.4
[    26.028] ---Information--- modeset(0): Digital Display Input
[    26.028] ---Information--- modeset(0): 6 bits per channel
[    26.028] ---Information--- modeset(0): Digital interface is DisplayPort
[    26.028] ---Information--- modeset(0): Max Image Size [cm]: horiz.: 31  vert.: 17
[    26.028] ---Information--- modeset(0): Gamma: 2.20
[    26.028] ---Information--- modeset(0): No DPMS capabilities specified
[    26.028] ---Information--- modeset(0): Supported color encodings: RGB 4:4:4 YCrCb 4:4:4 
[    26.028] ---Information--- modeset(0): First detailed timing is preferred mode
[    26.028] ---Information--- modeset(0): Preferred mode is native pixel format and refresh rate
[    26.028] ---Information--- modeset(0): redX: 0.590 redY: 0.350   greenX: 0.329 greenY: 0.555
[    26.028] ---Information--- modeset(0): blueX: 0.152 blueY: 0.118   whiteX: 0.312 whiteY: 0.328
[    26.028] ---Information--- modeset(0): Manufacturer's mask: 0
[    26.028] ---Information--- modeset(0): Supported detailed timing:
[    26.028] ---Information--- modeset(0): clock: 70.1 MHz   Image Size:  309 x 173 mm
[    26.028] ---Information--- modeset(0): h_active: 1366  h_sync: 1414  h_sync_end 1446 h_blank_end 1498 h_border: 0
[    26.028] ---Information--- modeset(0): v_active: 768  v_sync: 772  v_sync_end 776 v_blanking: 780 v_border: 0
[    26.028] ---Information--- modeset(0): Supported detailed timing:
[    26.028] ---Information--- modeset(0): clock: 46.7 MHz   Image Size:  309 x 173 mm
[    26.028] ---Information--- modeset(0): h_active: 1366  h_sync: 1414  h_sync_end 1446 h_blank_end 1498 h_border: 0
[    26.028] ---Information--- modeset(0): v_active: 768  v_sync: 772  v_sync_end 776 v_blanking: 780 v_border: 0
[    26.028] ---Information--- modeset(0): Unknown vendor-specific block 2
[    26.028] ---Information--- modeset(0): EDID (in hex):
[    26.028] ---Information--- modeset(0): 	00ffffffffffff0009e5970600000000
[    26.028] ---Information--- modeset(0): 	01190104951f11780a24109759548e27
[    26.028] ---Information--- modeset(0): 	1e505400000001010101010101010101
[    26.028] ---Information--- modeset(0): 	010101010101641b568450000c303020
[    26.028] ---Information--- modeset(0): 	440035ad1000001a3e12568450000c30
[    26.028] ---Information--- modeset(0): 	3020440035ad1000001a000000000000
[    26.028] ---Information--- modeset(0): 	00000000000000000000000000000002
[    26.028] ---Information--- modeset(0): 	000c46f90b3c6e0b0f19700000000096
[    26.029] ---Information--- modeset(0): Printing probed modes for output eDP-1
[    26.029] ---Information--- modeset(0): Modeline "1366x768"x60.0   70.12  1366 1414 1446 1498  768 772 776 780 +hsync -vsync (46.8 kHz eP)
[    26.029] ---Information--- modeset(0): Modeline "1366x768"x40.0   46.70  1366 1414 1446 1498  768 772 776 780 +hsync -vsync (31.2 kHz e)
[    26.029] ---Information--- modeset(0): Modeline "1360x768"x59.8   84.75  1360 1432 1568 1776  768 771 781 798 -hsync +vsync (47.7 kHz d)
[    26.029] ---Information--- modeset(0): Modeline "1360x768"x60.0   72.00  1360 1408 1440 1520  768 771 781 790 +hsync -vsync (47.4 kHz d)
[    26.029] ---Information--- modeset(0): Modeline "1280x720"x120.0  156.12  1280 1376 1512 1744  720 721 724 746 doublescan -hsync +vsync (89.5 kHz d)
[    26.029] ---Information--- modeset(0): Modeline "1280x720"x120.0  120.75  1280 1304 1320 1360  720 721 724 740 doublescan +hsync -vsync (88.8 kHz d)
[    26.029] ---Information--- modeset(0): Modeline "1280x720"x59.9   74.50  1280 1344 1472 1664  720 723 728 748 -hsync +vsync (44.8 kHz d)
[    26.029] ---Information--- modeset(0): Modeline "1280x720"x59.7   63.75  1280 1328 1360 1440  720 723 728 741 +hsync -vsync (44.3 kHz d)
[    26.029] ---Information--- modeset(0): Modeline "1024x768"x120.1  133.47  1024 1100 1212 1400  768 768 770 794 doublescan -hsync +vsync (95.3 kHz d)
[    26.029] ---Information--- modeset(0): Modeline "1024x768"x60.0   65.00  1024 1048 1184 1344  768 771 777 806 -hsync -vsync (48.4 kHz d)
[    26.029] ---Information--- modeset(0): Modeline "960x720"x120.0  117.00  960 1024 1128 1300  720 720 722 750 doublescan -hsync +vsync (90.0 kHz d)
[    26.029] ---Information--- modeset(0): Modeline "928x696"x120.1  109.15  928 976 1088 1264  696 696 698 719 doublescan -hsync +vsync (86.4 kHz d)
[    26.029] ---Information--- modeset(0): Modeline "896x672"x120.0  102.40  896 960 1060 1224  672 672 674 697 doublescan -hsync +vsync (83.7 kHz d)
[    26.029] ---Information--- modeset(0): Modeline "1024x576"x119.9   98.50  1024 1092 1200 1376  576 577 580 597 doublescan -hsync +vsync (71.6 kHz d)
[    26.029] ---Information--- modeset(0): Modeline "1024x576"x119.9   78.38  1024 1048 1064 1104  576 577 580 592 doublescan +hsync -vsync (71.0 kHz d)
[    26.029] ---Information--- modeset(0): Modeline "1024x576"x59.9   46.50  1024 1064 1160 1296  576 579 584 599 -hsync +vsync (35.9 kHz d)
[    26.029] ---Information--- modeset(0): Modeline "1024x576"x59.8   42.00  1024 1072 1104 1184  576 579 584 593 +hsync -vsync (35.5 kHz d)
[    26.029] ---Information--- modeset(0): Modeline "960x600"x119.9   96.62  960 1028 1128 1296  600 601 604 622 doublescan -hsync +vsync (74.6 kHz d)
[    26.029] ---Information--- modeset(0): Modeline "960x600"x120.0   77.00  960 984 1000 1040  600 601 604 617 doublescan +hsync -vsync (74.0 kHz d)
[    26.029] ---Information--- modeset(0): Modeline "960x540"x119.9   86.50  960 1024 1124 1288  540 541 544 560 doublescan -hsync +vsync (67.2 kHz d)
[    26.029] ---Information--- modeset(0): Modeline "960x540"x120.0   69.25  960 984 1000 1040  540 541 544 555 doublescan +hsync -vsync (66.6 kHz d)
[    26.029] ---Information--- modeset(0): Modeline "960x540"x59.6   40.75  960 992 1088 1216  540 543 548 562 -hsync +vsync (33.5 kHz d)
[    26.029] ---Information--- modeset(0): Modeline "960x540"x59.8   37.25  960 1008 1040 1120  540 543 548 556 +hsync -vsync (33.3 kHz d)
[    26.029] ---Information--- modeset(0): Modeline "800x600"x120.0   81.00  800 832 928 1080  600 600 602 625 doublescan +hsync +vsync (75.0 kHz d)
[    26.029] ---Information--- modeset(0): Modeline "800x600"x60.3   40.00  800 840 968 1056  600 601 605 628 +hsync +vsync (37.9 kHz d)
[    26.029] ---Information--- modeset(0): Modeline "800x600"x56.2   36.00  800 824 896 1024  600 601 603 625 +hsync +vsync (35.2 kHz d)
[    26.029] ---Information--- modeset(0): Modeline "840x525"x120.0   73.12  840 892 980 1120  525 526 529 544 doublescan -hsync +vsync (65.3 kHz d)
[    26.029] ---Information--- modeset(0): Modeline "840x525"x119.8   59.50  840 864 880 920  525 526 529 540 doublescan +hsync -vsync (64.7 kHz d)
[    26.029] ---Information--- modeset(0): Modeline "864x486"x59.9   32.50  864 888 968 1072  486 489 494 506 -hsync +vsync (30.3 kHz d)
[    26.029] ---Information--- modeset(0): Modeline "864x486"x59.6   30.50  864 912 944 1024  486 489 494 500 +hsync -vsync (29.8 kHz d)
[    26.029] ---Information--- modeset(0): Modeline "800x512"x120.3   51.56  800 800 828 832  512 512 514 515 doublescan +hsync +vsync (62.0 kHz d)
[    26.029] ---Information--- modeset(0): Modeline "700x525"x120.0   61.00  700 744 820 940  525 526 532 541 doublescan +hsync +vsync (64.9 kHz d)
[    26.030] ---Information--- modeset(0): Modeline "800x450"x119.9   59.12  800 848 928 1056  450 451 454 467 doublescan -hsync +vsync (56.0 kHz d)
[    26.030] ---Information--- modeset(0): Modeline "800x450"x119.6   48.75  800 824 840 880  450 451 454 463 doublescan +hsync -vsync (55.4 kHz d)
[    26.030] ---Information--- modeset(0): Modeline "640x512"x120.0   54.00  640 664 720 844  512 512 514 533 doublescan +hsync +vsync (64.0 kHz d)
[    26.030] ---Information--- modeset(0): Modeline "720x450"x119.8   53.25  720 760 836 952  450 451 454 467 doublescan -hsync +vsync (55.9 kHz d)
[    26.030] ---Information--- modeset(0): Modeline "700x450"x119.9   51.75  700 740 812 924  450 451 456 467 doublescan -hsync +vsync (56.0 kHz d)
[    26.030] ---Information--- modeset(0): Modeline "700x450"x119.8   43.25  700 724 740 780  450 451 456 463 doublescan +hsync -vsync (55.4 kHz d)
[    26.030] ---Information--- modeset(0): Modeline "640x480"x120.0   54.00  640 688 744 900  480 480 482 500 doublescan +hsync +vsync (60.0 kHz d)
[    26.030] ---Information--- modeset(0): Modeline "640x480"x59.9   25.18  640 656 752 800  480 490 492 525 -hsync -vsync (31.5 kHz d)
[    26.030] ---Information--- modeset(0): Modeline "720x405"x59.5   22.50  720 744 808 896  405 408 413 422 -hsync +vsync (25.1 kHz d)
[    26.030] ---Information--- modeset(0): Modeline "720x405"x59.0   21.75  720 768 800 880  405 408 413 419 +hsync -vsync (24.7 kHz d)
[    26.030] ---Information--- modeset(0): Modeline "684x384"x119.8   42.62  684 720 788 892  384 385 390 399 doublescan -hsync +vsync (47.8 kHz d)
[    26.030] ---Information--- modeset(0): Modeline "684x384"x119.7   36.12  684 708 724 764  384 385 390 395 doublescan +hsync -vsync (47.3 kHz d)
[    26.030] ---Information--- modeset(0): Modeline "680x384"x119.6   42.38  680 716 784 888  384 385 390 399 doublescan -hsync +vsync (47.7 kHz d)
[    26.030] ---Information--- modeset(0): Modeline "680x384"x119.9   36.00  680 704 720 760  384 385 390 395 doublescan +hsync -vsync (47.4 kHz d)
[    26.030] ---Information--- modeset(0): Modeline "640x400"x119.8   41.75  640 676 740 840  400 401 404 415 doublescan -hsync +vsync (49.7 kHz d)
[    26.030] ---Information--- modeset(0): Modeline "640x400"x120.0   35.50  640 664 680 720  400 401 404 411 doublescan +hsync -vsync (49.3 kHz d)
[    26.030] ---Information--- modeset(0): Modeline "576x432"x120.1   40.81  576 608 668 760  432 432 434 447 doublescan -hsync +vsync (53.7 kHz d)
[    26.030] ---Information--- modeset(0): Modeline "640x360"x119.7   37.25  640 672 736 832  360 361 364 374 doublescan -hsync +vsync (44.8 kHz d)
[    26.030] ---Information--- modeset(0): Modeline "640x360"x119.7   31.88  640 664 680 720  360 361 364 370 doublescan +hsync -vsync (44.3 kHz d)
[    26.030] ---Information--- modeset(0): Modeline "640x360"x59.8   18.00  640 664 720 800  360 363 368 376 -hsync +vsync (22.5 kHz d)
[    26.030] ---Information--- modeset(0): Modeline "640x360"x59.3   17.75  640 688 720 800  360 363 368 374 +hsync -vsync (22.2 kHz d)
[    26.030] ---Information--- modeset(0): Modeline "512x384"x120.0   32.50  512 524 592 672  384 385 388 403 doublescan -hsync -vsync (48.4 kHz d)
[    26.030] ---Information--- modeset(0): Modeline "512x288"x120.0   23.25  512 532 580 648  288 289 292 299 doublescan -hsync +vsync (35.9 kHz d)
[    26.030] ---Information--- modeset(0): Modeline "512x288"x119.8   21.00  512 536 552 592  288 289 292 296 doublescan +hsync -vsync (35.5 kHz d)
[    26.030] ---Information--- modeset(0): Modeline "480x270"x119.3   20.38  480 496 544 608  270 271 274 281 doublescan -hsync +vsync (33.5 kHz d)
[    26.030] ---Information--- modeset(0): Modeline "480x270"x119.6   18.62  480 504 520 560  270 271 274 278 doublescan +hsync -vsync (33.3 kHz d)
[    26.030] ---Information--- modeset(0): Modeline "400x300"x120.6   20.00  400 420 484 528  300 300 302 314 doublescan +hsync +vsync (37.9 kHz d)
[    26.030] ---Information--- modeset(0): Modeline "400x300"x112.7   18.00  400 412 448 512  300 300 301 312 doublescan +hsync +vsync (35.2 kHz d)
[    26.030] ---Information--- modeset(0): Modeline "432x243"x119.8   16.25  432 444 484 536  243 244 247 253 doublescan -hsync +vsync (30.3 kHz d)
[    26.030] ---Information--- modeset(0): Modeline "432x243"x119.1   15.25  432 456 472 512  243 244 247 250 doublescan +hsync -vsync (29.8 kHz d)
[    26.030] ---Information--- modeset(0): Modeline "320x240"x120.1   12.59  320 328 376 400  240 245 246 262 doublescan -hsync -vsync (31.5 kHz d)
[    26.030] ---Information--- modeset(0): Modeline "360x202"x119.0   11.25  360 372 404 448  202 204 206 211 doublescan -hsync +vsync (25.1 kHz d)
[    26.030] ---Information--- modeset(0): Modeline "360x202"x118.3   10.88  360 384 400 440  202 204 206 209 doublescan +hsync -vsync (24.7 kHz d)
[    26.030] ---Information--- modeset(0): Modeline "320x180"x119.7    9.00  320 332 360 400  180 181 184 188 doublescan -hsync +vsync (22.5 kHz d)
[    26.030] ---Information--- modeset(0): Modeline "320x180"x118.6    8.88  320 344 360 400  180 181 184 187 doublescan +hsync -vsync (22.2 kHz d)
[    26.034] ---Information--- modeset(0): EDID for output HDMI-1
[    26.034] ---Information--- modeset(0): EDID for output DP-1
[    26.037] ---Information--- modeset(0): EDID for output HDMI-2
[    26.037] ---Information--- modeset(0): Output eDP-1 connected
[    26.037] ---Information--- modeset(0): Output HDMI-1 disconnected
[    26.037] ---Information--- modeset(0): Output DP-1 disconnected
[    26.037] ---Information--- modeset(0): Output HDMI-2 disconnected
[    26.037] ---Information--- modeset(0): Using exact sizes for initial modes
[    26.037] ---Information--- modeset(0): Output eDP-1 using initial mode 1366x768 +0+0
[    26.037] ---Information--- Loading sub module "fb"
[    26.037] ---Information--- LoadModule: "fb"
[    26.038] ---Information--- Loading /usr/lib/xorg/modules/libfb.so
[    26.043] ---Information--- Module fb: vendor="X.Org Foundation"
[    26.043] ---Information--- UnloadModule: "fbdev"
[    26.043] ---Information--- Unloading fbdev
[    26.044] ---Information--- UnloadSubModule: "fbdevhw"
[    26.044] ---Information--- Unloading fbdevhw
[    26.044] ---Information--- UnloadModule: "vesa"
[    26.044] ---Information--- Unloading vesa
[    26.314] ---Information--- modeset(0): Initializing kms color map for depth 24, 8 bpc.
[    26.315] ---Information--- modeset(0): [DRI2] Setup complete
[    26.315] ---Information--- modeset(0): [DRI2]   DRI driver: iris
[    26.315] ---Information--- modeset(0): [DRI2]   VDPAU driver: va_gl
[    26.315] ---Information--- Initializing extension Generic Event Extension
[    26.315] ---Information--- Initializing extension SHAPE
[    26.316] ---Information--- Initializing extension MIT-SHM
[    26.316] ---Information--- Initializing extension XInputExtension
[    26.317] ---Information--- Initializing extension XTEST
[    26.318] ---Information--- Initializing extension BIG-REQUESTS
[    26.318] ---Information--- Initializing extension SYNC
[    26.318] ---Information--- Initializing extension XKEYBOARD
[    26.319] ---Information--- Initializing extension XC-MISC
[    26.319] ---Information--- Initializing extension SECURITY
[    26.319] ---Information--- Initializing extension XFIXES
[    26.320] ---Information--- Initializing extension RENDER
[    26.320] ---Information--- Initializing extension RANDR
[    26.321] ---Information--- Initializing extension COMPOSITE
[    26.321] ---Information--- Initializing extension DAMAGE
[    26.321] ---Information--- Initializing extension MIT-SCREEN-SAVER
[    26.322] ---Information--- Initializing extension DOUBLE-BUFFER
[    26.322] ---Information--- Initializing extension RECORD
[    26.322] ---Information--- Initializing extension DPMS
[    26.323] ---Information--- Initializing extension Present
[    26.323] ---Information--- Initializing extension DRI3
[    26.323] ---Information--- Initializing extension X-Resource
[    26.324] ---Information--- Initializing extension XVideo
[    26.324] ---Information--- Initializing extension XVideo-MotionCompensation
[    26.324] ---Information--- Initializing extension SELinux
[    26.324] ---Information--- SELinux: Disabled on system
[    26.324] ---Information--- Initializing extension GLX
[    26.344] ---Information--- AIGLX: Loaded and initialized iris
[    26.344] ---Information--- GLX: Initialized DRI2 GL provider for screen 0
[    26.344] ---Information--- Initializing extension XFree86-VidModeExtension
[    26.345] ---Information--- Initializing extension XFree86-DGA
[    26.345] ---Information--- Initializing extension XFree86-DRI
[    26.345] ---Information--- Initializing extension DRI2
[    26.375] ---Information--- modeset(0): Damage tracking initialized
[    26.375] ---Information--- modeset(0): Setting screen physical size to 361 x 203
[    27.034] ---Information--- config/udev: Adding input device Power Button (/dev/input/event2)
[    27.034] ---Information--- LoadModule: "libinput"
[    27.042] ---Information--- Loading /usr/lib/xorg/modules/input/libinput_drv.so
[    27.077] ---Information--- Module libinput: vendor="X.Org Foundation"
[    27.077] ---Information--- Using input driver 'libinput' for 'Power Button'
[    27.129] ---Information--- event2  - Power Button: is tagged by udev as: Keyboard
[    27.129] ---Information--- event2  - Power Button: device is a keyboard
[    27.129] ---Information--- event2  - Power Button: device removed
[    27.142] ---Information--- XINPUT: Adding extended input device "Power Button" (type: KEYBOARD, id 6)
[    27.145] ---Information--- event2  - Power Button: is tagged by udev as: Keyboard
[    27.145] ---Information--- event2  - Power Button: device is a keyboard
[    27.146] ---Information--- config/udev: Adding input device Video Bus (/dev/input/event4)
[    27.147] ---Information--- Using input driver 'libinput' for 'Video Bus'
[    27.149] ---Information--- event4  - Video Bus: is tagged by udev as: Keyboard
[    27.149] ---Information--- event4  - Video Bus: device is a keyboard
[    27.149] ---Information--- event4  - Video Bus: device removed
[    27.166] ---Information--- XINPUT: Adding extended input device "Video Bus" (type: KEYBOARD, id 7)
[    27.169] ---Information--- event4  - Video Bus: is tagged by udev as: Keyboard
[    27.170] ---Information--- event4  - Video Bus: device is a keyboard
[    27.171] ---Information--- config/udev: Adding input device Lid Switch (/dev/input/event1)
[    27.171] ---Information--- No input driver specified, ignoring this device.
[    27.171] ---Information--- This device may have been added with another device file.
[    27.172] ---Information--- config/udev: Adding input device Sleep Button (/dev/input/event0)
[    27.172] ---Information--- Using input driver 'libinput' for 'Sleep Button'
[    27.174] ---Information--- event0  - Sleep Button: is tagged by udev as: Keyboard
[    27.174] ---Information--- event0  - Sleep Button: device is a keyboard
[    27.175] ---Information--- event0  - Sleep Button: device removed
[    27.190] ---Information--- XINPUT: Adding extended input device "Sleep Button" (type: KEYBOARD, id 8)
[    27.193] ---Information--- event0  - Sleep Button: is tagged by udev as: Keyboard
[    27.193] ---Information--- event0  - Sleep Button: device is a keyboard
[    27.196] ---Information--- config/udev: Adding input device COMPANY USB Device (/dev/input/event6)
[    27.196] ---Information--- Using input driver 'libinput' for 'COMPANY USB Device'
[    27.200] ---Information--- event6  - COMPANY USB Device: is tagged by udev as: Keyboard
[    27.200] ---Information--- event6  - COMPANY USB Device: device is a keyboard
[    27.200] ---Information--- event6  - COMPANY USB Device: device removed
[    27.226] ---Information--- XINPUT: Adding extended input device "COMPANY USB Device" (type: KEYBOARD, id 9)
[    27.228] ---Information--- event6  - COMPANY USB Device: is tagged by udev as: Keyboard
[    27.228] ---Information--- event6  - COMPANY USB Device: device is a keyboard
[    27.229] ---Information--- config/udev: Adding input device COMPANY USB Device (/dev/input/event7)
[    27.229] ---Information--- Using input driver 'libinput' for 'COMPANY USB Device'
[    27.289] ---Information--- event7  - COMPANY USB Device: is tagged by udev as: Mouse
[    27.289] ---Information--- event7  - COMPANY USB Device: device is a pointer
[    27.289] ---Information--- event7  - COMPANY USB Device: device removed
[    27.330] ---Information--- XINPUT: Adding extended input device "COMPANY USB Device" (type: MOUSE, id 10)
[    27.394] ---Information--- event7  - COMPANY USB Device: is tagged by udev as: Mouse
[    27.394] ---Information--- event7  - COMPANY USB Device: device is a pointer
[    27.396] ---Information--- config/udev: Adding input device COMPANY USB Device (/dev/input/mouse1)
[    27.396] ---Information--- No input driver specified, ignoring this device.
[    27.396] ---Information--- This device may have been added with another device file.
[    27.398] ---Information--- config/udev: Adding input device COMPANY USB Device Keyboard (/dev/input/event8)
[    27.398] ---Information--- Using input driver 'libinput' for 'COMPANY USB Device Keyboard'
[    27.402] ---Information--- event8  - COMPANY USB Device Keyboard: is tagged by udev as: Keyboard
[    27.402] ---Information--- event8  - COMPANY USB Device Keyboard: device is a keyboard
[    27.402] ---Information--- event8  - COMPANY USB Device Keyboard: device removed
[    27.428] ---Information--- XINPUT: Adding extended input device "COMPANY USB Device Keyboard" (type: KEYBOARD, id 11)
[    27.433] ---Information--- event8  - COMPANY USB Device Keyboard: is tagged by udev as: Keyboard
[    27.433] ---Information--- event8  - COMPANY USB Device Keyboard: device is a keyboard
[    27.436] ---Information--- config/udev: Adding input device COMPANY USB Device System Control (/dev/input/event9)
[    27.436] ---Information--- Using input driver 'libinput' for 'COMPANY USB Device System Control'
[    27.440] ---Information--- event9  - COMPANY USB Device System Control: is tagged by udev as: Keyboard
[    27.440] ---Information--- event9  - COMPANY USB Device System Control: device is a keyboard
[    27.440] ---Information--- event9  - COMPANY USB Device System Control: device removed
[    27.462] ---Information--- XINPUT: Adding extended input device "COMPANY USB Device System Control" (type: KEYBOARD, id 12)
[    27.464] ---Information--- event9  - COMPANY USB Device System Control: is tagged by udev as: Keyboard
[    27.464] ---Information--- event9  - COMPANY USB Device System Control: device is a keyboard
[    27.465] ---Information--- config/udev: Adding input device COMPANY USB Device Consumer Control (/dev/input/event10)
[    27.465] ---Information--- Using input driver 'libinput' for 'COMPANY USB Device Consumer Control'
[    27.467] ---Information--- event10 - COMPANY USB Device Consumer Control: is tagged by udev as: Keyboard
[    27.467] ---Information--- event10 - COMPANY USB Device Consumer Control: device is a keyboard
[    27.467] ---Information--- event10 - COMPANY USB Device Consumer Control: device removed
[    27.494] ---Information--- libinput: COMPANY USB Device Consumer Control: needs a virtual subdevice
[    27.494] ---Information--- XINPUT: Adding extended input device "COMPANY USB Device Consumer Control" (type: MOUSE, id 13)
[    27.496] ---Information--- event10 - COMPANY USB Device Consumer Control: is tagged by udev as: Keyboard
[    27.496] ---Information--- event10 - COMPANY USB Device Consumer Control: device is a keyboard
[    27.496] ---Information--- config/udev: Adding input device COMPANY USB Device (/dev/input/event11)
[    27.497] ---Information--- No input driver specified, ignoring this device.
[    27.497] ---Information--- This device may have been added with another device file.
[    27.497] ---Information--- config/udev: Adding input device HP HD Camera: HP HD Camera (/dev/input/event21)
[    27.497] ---Information--- Using input driver 'libinput' for 'HP HD Camera: HP HD Camera'
[    27.498] ---Information--- event21 - HP HD Camera: HP HD Camera: is tagged by udev as: Keyboard
[    27.498] ---Information--- event21 - HP HD Camera: HP HD Camera: device is a keyboard
[    27.498] ---Information--- event21 - HP HD Camera: HP HD Camera: device removed
[    27.542] ---Information--- XINPUT: Adding extended input device "HP HD Camera: HP HD Camera" (type: KEYBOARD, id 14)
[    27.544] ---Information--- event21 - HP HD Camera: HP HD Camera: is tagged by udev as: Keyboard
[    27.544] ---Information--- event21 - HP HD Camera: HP HD Camera: device is a keyboard
[    27.544] ---Information--- config/udev: Adding input device HDA Intel PCH Mic (/dev/input/event14)
[    27.544] ---Information--- No input driver specified, ignoring this device.
[    27.544] ---Information--- This device may have been added with another device file.
[    27.545] ---Information--- config/udev: Adding input device HDA Intel PCH Headphone (/dev/input/event15)
[    27.545] ---Information--- No input driver specified, ignoring this device.
[    27.545] ---Information--- This device may have been added with another device file.
[    27.545] ---Information--- config/udev: Adding input device HDA Intel PCH HDMI/DP,pcm=3 (/dev/input/event16)
[    27.545] ---Information--- No input driver specified, ignoring this device.
[    27.545] ---Information--- This device may have been added with another device file.
[    27.546] ---Information--- config/udev: Adding input device HDA Intel PCH HDMI/DP,pcm=7 (/dev/input/event17)
[    27.546] ---Information--- No input driver specified, ignoring this device.
[    27.546] ---Information--- This device may have been added with another device file.
[    27.546] ---Information--- config/udev: Adding input device HDA Intel PCH HDMI/DP,pcm=8 (/dev/input/event18)
[    27.546] ---Information--- No input driver specified, ignoring this device.
[    27.546] ---Information--- This device may have been added with another device file.
[    27.547] ---Information--- config/udev: Adding input device HDA Intel PCH HDMI/DP,pcm=9 (/dev/input/event19)
[    27.547] ---Information--- No input driver specified, ignoring this device.
[    27.547] ---Information--- This device may have been added with another device file.
[    27.547] ---Information--- config/udev: Adding input device HDA Intel PCH HDMI/DP,pcm=10 (/dev/input/event20)
[    27.547] ---Information--- No input driver specified, ignoring this device.
[    27.547] ---Information--- This device may have been added with another device file.
[    27.548] ---Information--- config/udev: Adding input device AT Translated Set 2 keyboard (/dev/input/event3)
[    27.548] ---Information--- Using input driver 'libinput' for 'AT Translated Set 2 keyboard'
[    27.550] ---Information--- event3  - AT Translated Set 2 keyboard: is tagged by udev as: Keyboard
[    27.550] ---Information--- event3  - AT Translated Set 2 keyboard: device is a keyboard
[    27.551] ---Information--- event3  - AT Translated Set 2 keyboard: device removed
[    27.574] ---Information--- XINPUT: Adding extended input device "AT Translated Set 2 keyboard" (type: KEYBOARD, id 15)
[    27.577] ---Information--- event3  - AT Translated Set 2 keyboard: is tagged by udev as: Keyboard
[    27.577] ---Information--- event3  - AT Translated Set 2 keyboard: device is a keyboard
[    27.579] ---Information--- config/udev: Adding input device SynPS/2 Synaptics TouchPad (/dev/input/event5)
[    27.579] ---Information--- Using input driver 'libinput' for 'SynPS/2 Synaptics TouchPad'
[    27.580] ---Information--- event5  - SynPS/2 Synaptics TouchPad: is tagged by udev as: Touchpad
[    27.581] ---Information--- event5  - SynPS/2 Synaptics TouchPad: device is a touchpad
[    27.582] ---Information--- event5  - SynPS/2 Synaptics TouchPad: device removed
[    27.635] ---Information--- XINPUT: Adding extended input device "SynPS/2 Synaptics TouchPad" (type: TOUCHPAD, id 16)
[    27.639] ---Information--- event5  - SynPS/2 Synaptics TouchPad: is tagged by udev as: Touchpad
[    27.641] ---Information--- event5  - SynPS/2 Synaptics TouchPad: device is a touchpad
[    27.642] ---Information--- config/udev: Adding input device SynPS/2 Synaptics TouchPad (/dev/input/mouse0)
[    27.643] ---Information--- No input driver specified, ignoring this device.
[    27.643] ---Information--- This device may have been added with another device file.
[    27.644] ---Information--- config/udev: Adding input device ST LIS3LV02DL Accelerometer (/dev/input/event22)
[    27.644] ---Information--- No input driver specified, ignoring this device.
[    27.644] ---Information--- This device may have been added with another device file.
[    27.644] ---Information--- config/udev: Adding input device ST LIS3LV02DL Accelerometer (/dev/input/js0)
[    27.644] ---Information--- No input driver specified, ignoring this device.
[    27.644] ---Information--- This device may have been added with another device file.
[    27.650] ---Information--- config/udev: Adding input device HP Wireless hotkeys (/dev/input/event12)
[    27.650] ---Information--- Using input driver 'libinput' for 'HP Wireless hotkeys'
[    27.651] ---Information--- event12 - HP Wireless hotkeys: is tagged by udev as: Keyboard
[    27.651] ---Information--- event12 - HP Wireless hotkeys: device is a keyboard
[    27.651] ---Information--- event12 - HP Wireless hotkeys: device removed
[    27.682] ---Information--- XINPUT: Adding extended input device "HP Wireless hotkeys" (type: KEYBOARD, id 17)
[    27.684] ---Information--- event12 - HP Wireless hotkeys: is tagged by udev as: Keyboard
[    27.684] ---Information--- event12 - HP Wireless hotkeys: device is a keyboard
[    27.686] ---Information--- config/udev: Adding input device HP WMI hotkeys (/dev/input/event13)
[    27.686] ---Information--- Using input driver 'libinput' for 'HP WMI hotkeys'
[    27.687] ---Information--- event13 - HP WMI hotkeys: is tagged by udev as: Keyboard Switch
[    27.687] ---Information--- event13 - HP WMI hotkeys: device is a keyboard
[    27.688] ---Information--- event13 - HP WMI hotkeys: device removed
[    27.706] ---Information--- XINPUT: Adding extended input device "HP WMI hotkeys" (type: KEYBOARD, id 18)
[    27.708] ---Information--- event13 - HP WMI hotkeys: is tagged by udev as: Keyboard Switch
[    27.708] ---Information--- event13 - HP WMI hotkeys: device is a keyboard
[    27.730] ---Information--- Using input driver 'libinput' for 'COMPANY USB Device Consumer Control'
[    27.730] ---Information--- libinput: COMPANY USB Device Consumer Control: is a virtual subdevice
[    27.730] ---Information--- XINPUT: Adding extended input device "COMPANY USB Device Consumer Control" (type: KEYBOARD, id 19)
[   101.962] ---Information--- modeset(0): EDID vendor "BOE", prod id 1687
[   101.963] ---Information--- modeset(0): Printing DDC gathered Modelines:
[   101.963] ---Information--- modeset(0): Modeline "1366x768"x0.0   70.12  1366 1414 1446 1498  768 772 776 780 +hsync -vsync (46.8 kHz eP)
[   101.963] ---Information--- modeset(0): Modeline "1366x768"x0.0   46.70  1366 1414 1446 1498  768 772 776 780 +hsync -vsync (31.2 kHz e)
[   104.749] ---Information--- modeset(0): EDID vendor "BOE", prod id 1687
[   104.749] ---Information--- modeset(0): Printing DDC gathered Modelines:
[   104.750] ---Information--- modeset(0): Modeline "1366x768"x0.0   70.12  1366 1414 1446 1498  768 772 776 780 +hsync -vsync (46.8 kHz eP)
[   104.750] ---Information--- modeset(0): Modeline "1366x768"x0.0   46.70  1366 1414 1446 1498  768 772 776 780 +hsync -vsync (31.2 kHz e)
